<?xml version="1.0" encoding="UTF-8"?>
<testsuites>
  <testsuite id="0" name="C:\Users\Bezrukov\Desktop\_code\selenium-appium-windows\__tests__\Calculator.test.ts" errors="0" package="C:\Users\Bezrukov\Desktop\_code\selenium-appium-windows\__tests__\Calculator.test.ts" hostname="localhost" tests="4" failures="0" time="8.14" timestamp="2021-02-03T05:47:10">
    <properties>
    </properties>
    <testcase classname="Addition" name="Addition" time="0">
    </testcase>
    <system-out/>
    <system-err/>
  </testsuite>
  <testsuite id="1" name="C:\Users\Bezrukov\Desktop\_code\selenium-appium-windows\__tests__\By2.test.ts" errors="0" package="C:\Users\Bezrukov\Desktop\_code\selenium-appium-windows\__tests__\By2.test.ts" hostname="localhost" tests="3" failures="0" time="0.318" timestamp="2021-02-03T05:47:19">
    <properties>
    </properties>
    <system-out/>
    <system-err/>
  </testsuite>
  <testsuite id="2" name="C:\Users\Bezrukov\Desktop\_code\selenium-appium-windows\__tests__\Driver2.test.ts" errors="0" package="C:\Users\Bezrukov\Desktop\_code\selenium-appium-windows\__tests__\Driver2.test.ts" hostname="localhost" tests="3" failures="0" time="0.321" timestamp="2021-02-03T05:47:19">
    <properties>
    </properties>
    <system-out/>
    <system-err/>
  </testsuite>
  <testsuite id="3" name="C:\Users\Bezrukov\Desktop\_code\selenium-appium-windows\__tests__\CalculatorWithPageObject.test.ts" errors="0" package="C:\Users\Bezrukov\Desktop\_code\selenium-appium-windows\__tests__\CalculatorWithPageObject.test.ts" hostname="localhost" tests="4" failures="0" time="0.392" timestamp="2021-02-03T05:47:19">
    <properties>
    </properties>
    <system-out/>
    <system-err/>
  </testsuite>
  <testsuite id="4" name="C:\Users\Bezrukov\Desktop\_code\selenium-appium-windows\__tests__\Times.ts" errors="0" package="C:\Users\Bezrukov\Desktop\_code\selenium-appium-windows\__tests__\Times.ts" hostname="localhost" tests="1" failures="0" time="0.294" timestamp="2021-02-03T05:47:20">
    <properties>
    </properties>
    <system-out/>
    <system-err/>
  </testsuite>
</testsuites>